<?xml version="1.0" encoding="UTF-8"?>
<!-- Generated by org.testng.reporters.JUnitReportReporter -->
<testsuite skipped="0" hostname="DESKTOP-T5SJR0C" name="com.training.sanity.tests.LoginTest" tests="1" failures="0" timestamp="03 Mar 2020 11:00:33 GMT" time="53.607" errors="0">
  <testcase name="validLoginTest" time="53.607" classname="com.training.sanity.tests.LoginTest"/>
</testsuite> <!-- com.training.sanity.tests.LoginTest -->
