<?xml version="1.0" encoding="UTF-8"?>
<!-- Generated by org.testng.reporters.JUnitReportReporter -->
<testsuite skipped="0" hostname="DESKTOP-T5SJR0C" name="com.training.sanity.tests.RETC_43" tests="1" failures="0" timestamp="12 Mar 2020 13:43:00 GMT" time="40.810" errors="0">
  <testcase name="validLoginTest" time="40.810" classname="com.training.sanity.tests.RETC_43"/>
</testsuite> <!-- com.training.sanity.tests.RETC_43 -->
