<?xml version="1.0" encoding="UTF-8"?>
<!-- Generated by org.testng.reporters.JUnitReportReporter -->
<testsuite skipped="0" hostname="DESKTOP-T5SJR0C" name="com.training.sanity.tests.RETC_43" tests="1" failures="0" timestamp="04 Mar 2020 11:59:08 GMT" time="61.318" errors="0">
  <testcase name="validLoginTest" time="61.318" classname="com.training.sanity.tests.RETC_43"/>
</testsuite> <!-- com.training.sanity.tests.RETC_43 -->
