<?xml version="1.0" encoding="UTF-8"?>
<!-- Generated by org.testng.reporters.JUnitReportReporter -->
<testsuite skipped="0" hostname="DESKTOP-T5SJR0C" name="com.training.sanity.tests.RETC_74" tests="1" failures="0" timestamp="12 Mar 2020 12:40:02 GMT" time="28.139" errors="0">
  <testcase name="validLoginTest" time="28.139" classname="com.training.sanity.tests.RETC_74"/>
</testsuite> <!-- com.training.sanity.tests.RETC_74 -->
