<?xml version="1.0" encoding="UTF-8"?>
<!-- Generated by org.testng.reporters.JUnitReportReporter -->
<testsuite skipped="0" hostname="DESKTOP-T5SJR0C" name="com.training.sanity.tests.RETC_020" tests="1" failures="0" timestamp="09 Mar 2020 06:38:23 GMT" time="50.623" errors="0">
  <testcase name="validLoginTest" time="50.623" classname="com.training.sanity.tests.RETC_020"/>
</testsuite> <!-- com.training.sanity.tests.RETC_020 -->
