<?xml version="1.0" encoding="UTF-8"?>
<!-- Generated by org.testng.reporters.JUnitReportReporter -->
<testsuite skipped="0" hostname="DESKTOP-T5SJR0C" name="com.training.sanity.tests.RETC_21" tests="1" failures="0" timestamp="03 Mar 2020 23:36:14 GMT" time="36.929" errors="0">
  <testcase name="validLoginTest" time="36.929" classname="com.training.sanity.tests.RETC_21"/>
</testsuite> <!-- com.training.sanity.tests.RETC_21 -->
