<?xml version="1.0" encoding="UTF-8"?>
<!-- Generated by org.testng.reporters.JUnitReportReporter -->
<testsuite skipped="0" hostname="DESKTOP-T5SJR0C" name="com.training.sanity.tests.RETC_73" tests="1" failures="0" timestamp="12 Mar 2020 12:25:03 GMT" time="44.118" errors="0">
  <testcase name="validLoginTest" time="44.118" classname="com.training.sanity.tests.RETC_73"/>
</testsuite> <!-- com.training.sanity.tests.RETC_73 -->
