<?xml version="1.0" encoding="UTF-8"?>
<!-- Generated by org.testng.reporters.JUnitReportReporter -->
<testsuite skipped="0" hostname="DESKTOP-T5SJR0C" name="com.training.sanity.tests.RETC_21" tests="1" failures="0" timestamp="11 Mar 2020 11:19:30 GMT" time="38.432" errors="0">
  <testcase name="validLoginTest" time="38.432" classname="com.training.sanity.tests.RETC_21"/>
</testsuite> <!-- com.training.sanity.tests.RETC_21 -->
